<?xml version="1.0" encoding="UTF-8"?>
<!-- Generated by org.testng.reporters.JUnitReportReporter -->
<testsuite hostname="CSCINDAE684544" name="LoginTest" tests="1" failures="0" timestamp="8 Jan 2019 11:34:14 GMT" time="0.047" errors="0">
  <testcase name="LoginUXTest" time="0.047" classname="LoginTest"/>
</testsuite> <!-- LoginTest -->
